# JRE version: Java(TM) SE Runtime Environment (17.0.11+7) (build 17.0.11+7-LTS-207)
# Java VM: Java HotSpot(TM) 64-Bit Server VM (17.0.11+7-LTS-207, mixed mode, sharing, tiered, compressed oops, compressed class ptrs, g1 gc, windows-amd64)
GC Precious Log:
 CPUs: 8 total, 8 available
 Memory: 32599M
 Large Page Support: Disabled
 NUMA Support: Disabled
 Compressed Oops: Enabled (Zero based)
 Heap Region Size: 4M
 Heap Min Capacity: 8M
 Heap Initial Capacity: 512M
 Heap Max Capacity: 8152M
 Pre-touch: Disabled
 Parallel Workers: 8
 Concurrent Workers: 2
 Concurrent Refinement Workers: 8
 Periodic GC: Disabled
Heap:
 garbage-first heap   total 151552K, used 66929K [0x0000000602800000, 0x0000000800000000)
  region size 4096K, 7 young (28672K), 3 survivors (12288K)
 Metaspace       used 98921K, committed 99584K, reserved 1179648K
  class space    used 13507K, committed 13824K, reserved 1048576K
GC Heap History (20 events):
Event: 4.215 GC heap before
{Heap before GC invocations=12 (full 0):
 garbage-first heap   total 110592K, used 32809K [0x0000000602800000, 0x0000000800000000)
  region size 4096K, 3 young (12288K), 2 survivors (8192K)
 Metaspace       used 41189K, committed 41600K, reserved 1114112K
  class space    used 5775K, committed 5952K, reserved 1048576K
}
Event: 4.220 GC heap after
{Heap after GC invocations=13 (full 0):
 garbage-first heap   total 110592K, used 28688K [0x0000000602800000, 0x0000000800000000)
  region size 4096K, 1 young (4096K), 1 survivors (4096K)
 Metaspace       used 41189K, committed 41600K, reserved 1114112K
  class space    used 5775K, committed 5952K, reserved 1048576K
}
Event: 4.917 GC heap before
{Heap before GC invocations=13 (full 0):
 garbage-first heap   total 110592K, used 77840K [0x0000000602800000, 0x0000000800000000)
  region size 4096K, 13 young (53248K), 1 survivors (4096K)
 Metaspace       used 45923K, committed 46464K, reserved 1114112K
  class space    used 6592K, committed 6848K, reserved 1048576K
}
Event: 4.923 GC heap after
{Heap after GC invocations=14 (full 0):
 garbage-first heap   total 110592K, used 30471K [0x0000000602800000, 0x0000000800000000)
  region size 4096K, 1 young (4096K), 1 survivors (4096K)
 Metaspace       used 45923K, committed 46464K, reserved 1114112K
  class space    used 6592K, committed 6848K, reserved 1048576K
}
Event: 5.566 GC heap before
{Heap before GC invocations=14 (full 0):
 garbage-first heap   total 110592K, used 79623K [0x0000000602800000, 0x0000000800000000)
  region size 4096K, 13 young (53248K), 1 survivors (4096K)
 Metaspace       used 53322K, committed 53760K, reserved 1114112K
  class space    used 7494K, committed 7680K, reserved 1048576K
}
Event: 5.573 GC heap after
{Heap after GC invocations=15 (full 0):
 garbage-first heap   total 110592K, used 34048K [0x0000000602800000, 0x0000000800000000)
  region size 4096K, 2 young (8192K), 2 survivors (8192K)
 Metaspace       used 53322K, committed 53760K, reserved 1114112K
  class space    used 7494K, committed 7680K, reserved 1048576K
}
Event: 5.948 GC heap before
{Heap before GC invocations=15 (full 0):
 garbage-first heap   total 110592K, used 70912K [0x0000000602800000, 0x0000000800000000)
  region size 4096K, 12 young (49152K), 2 survivors (8192K)
 Metaspace       used 59794K, committed 60288K, reserved 1114112K
  class space    used 8248K, committed 8448K, reserved 1048576K
}
Event: 5.957 GC heap after
{Heap after GC invocations=16 (full 0):
 garbage-first heap   total 110592K, used 36561K [0x0000000602800000, 0x0000000800000000)
  region size 4096K, 2 young (8192K), 2 survivors (8192K)
 Metaspace       used 59794K, committed 60288K, reserved 1114112K
  class space    used 8248K, committed 8448K, reserved 1048576K
}
Event: 6.472 GC heap before
{Heap before GC invocations=17 (full 0):
 garbage-first heap   total 110592K, used 81617K [0x0000000602800000, 0x0000000800000000)
  region size 4096K, 13 young (53248K), 2 survivors (8192K)
 Metaspace       used 65381K, committed 65984K, reserved 1114112K
  class space    used 8887K, committed 9216K, reserved 1048576K
}
Event: 6.481 GC heap after
{Heap after GC invocations=18 (full 0):
 garbage-first heap   total 319488K, used 37804K [0x0000000602800000, 0x0000000800000000)
  region size 4096K, 1 young (4096K), 1 survivors (4096K)
 Metaspace       used 65381K, committed 65984K, reserved 1114112K
  class space    used 8887K, committed 9216K, reserved 1048576K
}
Event: 7.782 GC heap before
{Heap before GC invocations=19 (full 0):
 garbage-first heap   total 151552K, used 132012K [0x0000000602800000, 0x0000000800000000)
  region size 4096K, 25 young (102400K), 1 survivors (4096K)
 Metaspace       used 81550K, committed 82112K, reserved 1179648K
  class space    used 11192K, committed 11456K, reserved 1048576K
}
Event: 7.789 GC heap after
{Heap after GC invocations=20 (full 0):
 garbage-first heap   total 151552K, used 41496K [0x0000000602800000, 0x0000000800000000)
  region size 4096K, 2 young (8192K), 2 survivors (8192K)
 Metaspace       used 81550K, committed 82112K, reserved 1179648K
  class space    used 11192K, committed 11456K, reserved 1048576K
}
Event: 7.846 GC heap before
{Heap before GC invocations=20 (full 0):
 garbage-first heap   total 151552K, used 45592K [0x0000000602800000, 0x0000000800000000)
  region size 4096K, 3 young (12288K), 2 survivors (8192K)
 Metaspace       used 82439K, committed 83072K, reserved 1179648K
  class space    used 11318K, committed 11648K, reserved 1048576K
}
Event: 7.853 GC heap after
{Heap after GC invocations=21 (full 0):
 garbage-first heap   total 151552K, used 42325K [0x0000000602800000, 0x0000000800000000)
  region size 4096K, 1 young (4096K), 1 survivors (4096K)
 Metaspace       used 82439K, committed 83072K, reserved 1179648K
  class space    used 11318K, committed 11648K, reserved 1048576K
}
Event: 8.616 GC heap before
{Heap before GC invocations=21 (full 0):
 garbage-first heap   total 151552K, used 107861K [0x0000000602800000, 0x0000000800000000)
  region size 4096K, 18 young (73728K), 1 survivors (4096K)
 Metaspace       used 89513K, committed 90176K, reserved 1179648K
  class space    used 12294K, committed 12608K, reserved 1048576K
}
Event: 8.621 GC heap after
{Heap after GC invocations=22 (full 0):
 garbage-first heap   total 151552K, used 45701K [0x0000000602800000, 0x0000000800000000)
  region size 4096K, 2 young (8192K), 2 survivors (8192K)
 Metaspace       used 89513K, committed 90176K, reserved 1179648K
  class space    used 12294K, committed 12608K, reserved 1048576K
}
Event: 9.311 GC heap before
{Heap before GC invocations=22 (full 0):
 garbage-first heap   total 151552K, used 115333K [0x0000000602800000, 0x0000000800000000)
  region size 4096K, 19 young (77824K), 2 survivors (8192K)
 Metaspace       used 95459K, committed 96192K, reserved 1179648K
  class space    used 12985K, committed 13312K, reserved 1048576K
}
Event: 9.321 GC heap after
{Heap after GC invocations=23 (full 0):
 garbage-first heap   total 151552K, used 51292K [0x0000000602800000, 0x0000000800000000)
  region size 4096K, 3 young (12288K), 3 survivors (12288K)
 Metaspace       used 95459K, committed 96192K, reserved 1179648K
  class space    used 12985K, committed 13312K, reserved 1048576K
}
Event: 10.027 GC heap before
{Heap before GC invocations=23 (full 0):
 garbage-first heap   total 151552K, used 112732K [0x0000000602800000, 0x0000000800000000)
  region size 4096K, 18 young (73728K), 3 survivors (12288K)
 Metaspace       used 98438K, committed 99136K, reserved 1179648K
  class space    used 13418K, committed 13760K, reserved 1048576K
}
Event: 10.036 GC heap after
{Heap after GC invocations=24 (full 0):
 garbage-first heap   total 151552K, used 54641K [0x0000000602800000, 0x0000000800000000)
  region size 4096K, 3 young (12288K), 3 survivors (12288K)
 Metaspace       used 98438K, committed 99136K, reserved 1179648K
  class space    used 13418K, committed 13760K, reserved 1048576K
}

